==================================================================
2021/06/07_15:37:45:486
processName:make
PID:  13236
PPID: 12916
csID: 1
==================================================================
==================================================================
2021/06/07_15:37:45:528
processName:gcc
PID:  14304
PPID: 13236
csID: 2
==================================================================
==================================================================
2021/06/07_15:37:45:592
processName:cc1
PID:  3124
PPID: 14304
csID: 3
==================================================================
==================================================================
2021/06/07_15:37:45:669
processName:as
PID:  13860
PPID: 14304
csID: 4
==================================================================
==================================================================
2021/06/07_15:37:45:728
processName:gcc
PID:  3572
PPID: 13236
csID: 5
==================================================================
==================================================================
2021/06/07_15:37:45:780
processName:collect2
PID:  14116
PPID: 3572
csID: 6
==================================================================
==================================================================
2021/06/07_15:37:45:827
processName:ld
PID:  12312
PPID: 14116
csID: 7
==================================================================
