==================================================================
2021/06/01_09:52:13:920
processName:make
PID:  27136
PPID: 9360
csID: 1
==================================================================
==================================================================
2021/06/01_09:52:13:974
processName:gcc
PID:  20832
PPID: 27136
csID: 2
==================================================================
==================================================================
2021/06/01_09:52:14:47
processName:cc1
PID:  26272
PPID: 20832
csID: 3
==================================================================
==================================================================
2021/06/01_09:52:14:149
processName:as
PID:  30076
PPID: 20832
csID: 4
==================================================================
==================================================================
2021/06/01_09:52:14:235
processName:gcc
PID:  4768
PPID: 27136
csID: 5
==================================================================
==================================================================
2021/06/01_09:52:14:298
processName:collect2
PID:  19064
PPID: 4768
csID: 6
==================================================================
==================================================================
2021/06/01_09:52:14:352
processName:ld
PID:  16580
PPID: 19064
csID: 7
==================================================================
