==================================================================
2021/06/01_09:48:36:312
processName:make
PID:  11328
PPID: 7764
csID: 1
==================================================================
==================================================================
2021/06/01_09:48:36:365
processName:gcc
PID:  2360
PPID: 11328
csID: 2
==================================================================
==================================================================
2021/06/01_09:48:36:435
processName:cc1
PID:  19052
PPID: 2360
csID: 3
==================================================================
==================================================================
2021/06/01_09:48:36:533
processName:as
PID:  17472
PPID: 2360
csID: 4
==================================================================
==================================================================
2021/06/01_09:48:36:618
processName:gcc
PID:  25964
PPID: 11328
csID: 5
==================================================================
==================================================================
2021/06/01_09:48:36:681
processName:collect2
PID:  10804
PPID: 25964
csID: 6
==================================================================
==================================================================
2021/06/01_09:48:36:735
processName:ld
PID:  11468
PPID: 10804
csID: 7
==================================================================
