==================================================================
2021/06/01_11:51:32:822
processName:make
PID:  29636
PPID: 19492
csID: 1
==================================================================
==================================================================
2021/06/01_11:51:32:887
processName:gcc
PID:  3480
PPID: 29636
csID: 2
==================================================================
==================================================================
2021/06/01_11:51:32:969
processName:cc1
PID:  21436
PPID: 3480
csID: 3
==================================================================
==================================================================
2021/06/01_11:51:33:82
processName:as
PID:  24008
PPID: 3480
csID: 4
==================================================================
==================================================================
2021/06/01_11:51:33:171
processName:gcc
PID:  9356
PPID: 29636
csID: 5
==================================================================
==================================================================
2021/06/01_11:51:33:233
processName:collect2
PID:  27340
PPID: 9356
csID: 6
==================================================================
==================================================================
2021/06/01_11:51:33:291
processName:ld
PID:  14756
PPID: 27340
csID: 7
==================================================================
