(17856)(    1)ME: C:\Program Files (x86)\GnuWin32\bin\make.exe
(17856)(    1) + HOME: C:\Users\mac1\AppData\Local\Suresofttech\STATIC Toolbox\apps\STATIC Client for C, C++ v1.1.6\
(17856)(    1) + WORKING: C:\Users\mac1\Downloads\gitTest2\make\.staticdata
(17856) + IGNORE: msbuild xxxxx // INTEREST: cl gcc cc g++ ar link ld xxx xc8 cpp cpstm8 castm8 clnk tricore-gcc tricore-g++ ctoa etoa ecomppc elxr
(17856)(    1) + Ignored EXENAME: make
(25448)(    3)ME: c:\mingw\bin\..\libexec\gcc\mingw32\6.3.0\cc1.exe
(25448)(    3) + HOME: C:\Users\mac1\AppData\Local\Suresofttech\STATIC Toolbox\apps\STATIC Client for C, C++ v1.1.6\
(25448)(    3) + WORKING: C:\Users\mac1\Downloads\gitTest2\make\.staticdata
(25448) + IGNORE: msbuild xxxxx // INTEREST: cl gcc cc g++ ar link ld xxx xc8 cpp cpstm8 castm8 clnk tricore-gcc tricore-g++ ctoa etoa ecomppc elxr
(25448)(    3)ME: c:\mingw\bin\..\libexec\gcc\mingw32\6.3.0\cc1.exe
(25448)(    3) + HOME: C:\Users\mac1\AppData\Local\Suresofttech\STATIC Toolbox\apps\STATIC Client for C, C++ v1.1.6\
(25448)(    3) + WORKING: C:\Users\mac1\Downloads\gitTest2\make\.staticdata
(25448) + IGNORE: msbuild xxxxx // INTEREST: cl gcc cc g++ ar link ld xxx xc8 cpp cpstm8 castm8 clnk tricore-gcc tricore-g++ ctoa etoa ecomppc elxr
(24956)(    4)ME: c:\mingw\bin\..\lib\gcc\mingw32\6.3.0\..\..\..\..\mingw32\bin\as.exe
(24956)(    4) + HOME: C:\Users\mac1\AppData\Local\Suresofttech\STATIC Toolbox\apps\STATIC Client for C, C++ v1.1.6\
(24956)(    4) + WORKING: C:\Users\mac1\Downloads\gitTest2\make\.staticdata
(24956) + IGNORE: msbuild xxxxx // INTEREST: cl gcc cc g++ ar link ld xxx xc8 cpp cpstm8 castm8 clnk tricore-gcc tricore-g++ ctoa etoa ecomppc elxr
(24956)(    4) + Ignored EXENAME: as
(24956)(    4)ME: c:\mingw\bin\..\lib\gcc\mingw32\6.3.0\..\..\..\..\mingw32\bin\as.exe
(24956)(    4) + HOME: C:\Users\mac1\AppData\Local\Suresofttech\STATIC Toolbox\apps\STATIC Client for C, C++ v1.1.6\
(24956)(    4) + WORKING: C:\Users\mac1\Downloads\gitTest2\make\.staticdata
(24956) + IGNORE: msbuild xxxxx // INTEREST: cl gcc cc g++ ar link ld xxx xc8 cpp cpstm8 castm8 clnk tricore-gcc tricore-g++ ctoa etoa ecomppc elxr
( 6072)(    2)ME: C:\MinGW\bin\gcc.exe
( 6072)(    2) + HOME: C:\Users\mac1\AppData\Local\Suresofttech\STATIC Toolbox\apps\STATIC Client for C, C++ v1.1.6\
( 6072)(    2) + WORKING: C:\Users\mac1\Downloads\gitTest2\make\.staticdata
( 6072) + IGNORE: msbuild xxxxx // INTEREST: cl gcc cc g++ ar link ld xxx xc8 cpp cpstm8 castm8 clnk tricore-gcc tricore-g++ ctoa etoa ecomppc elxr
( 6072)(    2)ME: C:\MinGW\bin\gcc.exe
( 6072)(    2) + HOME: C:\Users\mac1\AppData\Local\Suresofttech\STATIC Toolbox\apps\STATIC Client for C, C++ v1.1.6\
( 6072)(    2) + WORKING: C:\Users\mac1\Downloads\gitTest2\make\.staticdata
( 6072) + IGNORE: msbuild xxxxx // INTEREST: cl gcc cc g++ ar link ld xxx xc8 cpp cpstm8 castm8 clnk tricore-gcc tricore-g++ ctoa etoa ecomppc elxr
(29640)(    6)ME: c:\mingw\bin\..\libexec\gcc\mingw32\6.3.0\collect2.exe
(29640)(    6) + HOME: C:\Users\mac1\AppData\Local\Suresofttech\STATIC Toolbox\apps\STATIC Client for C, C++ v1.1.6\
(29640)(    6) + WORKING: C:\Users\mac1\Downloads\gitTest2\make\.staticdata
(29640) + IGNORE: msbuild xxxxx // INTEREST: cl gcc cc g++ ar link ld xxx xc8 cpp cpstm8 castm8 clnk tricore-gcc tricore-g++ ctoa etoa ecomppc elxr
(29640)(    6) + Ignored EXENAME: collect2
(28164)(    7)ME: c:\mingw\bin\..\lib\gcc\mingw32\6.3.0\..\..\..\..\mingw32\bin\ld.exe
(28164)(    7) + HOME: C:\Users\mac1\AppData\Local\Suresofttech\STATIC Toolbox\apps\STATIC Client for C, C++ v1.1.6\
(28164)(    7) + WORKING: C:\Users\mac1\Downloads\gitTest2\make\.staticdata
(28164) + IGNORE: msbuild xxxxx // INTEREST: cl gcc cc g++ ar link ld xxx xc8 cpp cpstm8 castm8 clnk tricore-gcc tricore-g++ ctoa etoa ecomppc elxr
(28164)(    7)ME: c:\mingw\bin\..\lib\gcc\mingw32\6.3.0\..\..\..\..\mingw32\bin\ld.exe
(28164)(    7) + HOME: C:\Users\mac1\AppData\Local\Suresofttech\STATIC Toolbox\apps\STATIC Client for C, C++ v1.1.6\
(28164)(    7) + WORKING: C:\Users\mac1\Downloads\gitTest2\make\.staticdata
(28164) + IGNORE: msbuild xxxxx // INTEREST: cl gcc cc g++ ar link ld xxx xc8 cpp cpstm8 castm8 clnk tricore-gcc tricore-g++ ctoa etoa ecomppc elxr
(29640)(    6)ME: c:\mingw\bin\..\libexec\gcc\mingw32\6.3.0\collect2.exe
(29640)(    6) + HOME: C:\Users\mac1\AppData\Local\Suresofttech\STATIC Toolbox\apps\STATIC Client for C, C++ v1.1.6\
(29640)(    6) + WORKING: C:\Users\mac1\Downloads\gitTest2\make\.staticdata
(29640) + IGNORE: msbuild xxxxx // INTEREST: cl gcc cc g++ ar link ld xxx xc8 cpp cpstm8 castm8 clnk tricore-gcc tricore-g++ ctoa etoa ecomppc elxr
(26428)(    5)ME: C:\MinGW\bin\gcc.exe
(26428)(    5) + HOME: C:\Users\mac1\AppData\Local\Suresofttech\STATIC Toolbox\apps\STATIC Client for C, C++ v1.1.6\
(26428)(    5) + WORKING: C:\Users\mac1\Downloads\gitTest2\make\.staticdata
(26428) + IGNORE: msbuild xxxxx // INTEREST: cl gcc cc g++ ar link ld xxx xc8 cpp cpstm8 castm8 clnk tricore-gcc tricore-g++ ctoa etoa ecomppc elxr
(26428)(    5)ME: C:\MinGW\bin\gcc.exe
(26428)(    5) + HOME: C:\Users\mac1\AppData\Local\Suresofttech\STATIC Toolbox\apps\STATIC Client for C, C++ v1.1.6\
(26428)(    5) + WORKING: C:\Users\mac1\Downloads\gitTest2\make\.staticdata
(26428) + IGNORE: msbuild xxxxx // INTEREST: cl gcc cc g++ ar link ld xxx xc8 cpp cpstm8 castm8 clnk tricore-gcc tricore-g++ ctoa etoa ecomppc elxr
(17856)(    1)ME: C:\Program Files (x86)\GnuWin32\bin\make.exe
(17856)(    1) + HOME: C:\Users\mac1\AppData\Local\Suresofttech\STATIC Toolbox\apps\STATIC Client for C, C++ v1.1.6\
(17856)(    1) + WORKING: C:\Users\mac1\Downloads\gitTest2\make\.staticdata
(17856) + IGNORE: msbuild xxxxx // INTEREST: cl gcc cc g++ ar link ld xxx xc8 cpp cpstm8 castm8 clnk tricore-gcc tricore-g++ ctoa etoa ecomppc elxr
