==================================================================
2021/06/01_11:06:35:161
processName:make
PID:  17856
PPID: 16580
csID: 1
==================================================================
==================================================================
2021/06/01_11:06:35:214
processName:gcc
PID:  6072
PPID: 17856
csID: 2
==================================================================
==================================================================
2021/06/01_11:06:35:286
processName:cc1
PID:  25448
PPID: 6072
csID: 3
==================================================================
==================================================================
2021/06/01_11:06:35:385
processName:as
PID:  24956
PPID: 6072
csID: 4
==================================================================
==================================================================
2021/06/01_11:06:35:471
processName:gcc
PID:  26428
PPID: 17856
csID: 5
==================================================================
==================================================================
2021/06/01_11:06:35:534
processName:collect2
PID:  29640
PPID: 26428
csID: 6
==================================================================
==================================================================
2021/06/01_11:06:35:590
processName:ld
PID:  28164
PPID: 29640
csID: 7
==================================================================
