==================================================================
2021/06/01_08:34:24:444
processName:make
PID:  25660
PPID: 11596
csID: 1
==================================================================
==================================================================
2021/06/01_08:34:24:504
processName:gcc
PID:  27620
PPID: 25660
csID: 2
==================================================================
==================================================================
2021/06/01_08:34:24:586
processName:cc1
PID:  24920
PPID: 27620
csID: 3
==================================================================
==================================================================
2021/06/01_08:34:24:689
processName:as
PID:  24648
PPID: 27620
csID: 4
==================================================================
==================================================================
2021/06/01_08:34:24:788
processName:gcc
PID:  5844
PPID: 25660
csID: 5
==================================================================
==================================================================
2021/06/01_08:34:24:853
processName:collect2
PID:  6848
PPID: 5844
csID: 6
==================================================================
==================================================================
2021/06/01_08:34:24:916
processName:ld
PID:  11432
PPID: 6848
csID: 7
==================================================================
