==================================================================
2021/06/01_11:49:48:658
processName:make
PID:  28320
PPID: 10804
csID: 1
==================================================================
==================================================================
2021/06/01_11:49:48:718
processName:gcc
PID:  7616
PPID: 28320
csID: 2
==================================================================
==================================================================
2021/06/01_11:49:48:795
processName:cc1
PID:  29784
PPID: 7616
csID: 3
==================================================================
==================================================================
2021/06/01_11:49:48:903
processName:as
PID:  28720
PPID: 7616
csID: 4
==================================================================
==================================================================
2021/06/01_11:49:48:995
processName:gcc
PID:  16916
PPID: 28320
csID: 5
==================================================================
==================================================================
2021/06/01_11:49:49:62
processName:collect2
PID:  23544
PPID: 16916
csID: 6
==================================================================
==================================================================
2021/06/01_11:49:49:131
processName:ld
PID:  18356
PPID: 23544
csID: 7
==================================================================
