==================================================================
2021/06/01_11:46:31:296
processName:make
PID:  25184
PPID: 22480
csID: 1
==================================================================
==================================================================
2021/06/01_11:46:31:453
processName:gcc
PID:  15108
PPID: 25184
csID: 2
==================================================================
==================================================================
2021/06/01_11:46:31:554
processName:cc1
PID:  19240
PPID: 15108
csID: 3
==================================================================
==================================================================
2021/06/01_11:46:31:657
processName:as
PID:  14456
PPID: 15108
csID: 4
==================================================================
==================================================================
2021/06/01_11:46:31:749
processName:gcc
PID:  14472
PPID: 25184
csID: 5
==================================================================
==================================================================
2021/06/01_11:46:31:834
processName:collect2
PID:  18612
PPID: 14472
csID: 6
==================================================================
==================================================================
2021/06/01_11:46:31:908
processName:ld
PID:  7484
PPID: 18612
csID: 7
==================================================================
