(25184)(    1)ME: C:\Program Files (x86)\GnuWin32\bin\make.exe
(25184)(    1) + HOME: C:\Users\mac1\AppData\Local\Suresofttech\STATIC Toolbox\apps\STATIC Client for C, C++ v1.1.6\
(25184)(    1) + WORKING: C:\Users\mac1\Downloads\gitTest2\make\.staticdata
(25184) + IGNORE: msbuild xxxxx // INTEREST: cl gcc cc g++ ar link ld xxx xc8 cpp cpstm8 castm8 clnk tricore-gcc tricore-g++ ctoa etoa ecomppc elxr
(25184)(    1) + Ignored EXENAME: make
(19240)(    3)ME: c:\mingw\bin\..\libexec\gcc\mingw32\6.3.0\cc1.exe
(19240)(    3) + HOME: C:\Users\mac1\AppData\Local\Suresofttech\STATIC Toolbox\apps\STATIC Client for C, C++ v1.1.6\
(19240)(    3) + WORKING: C:\Users\mac1\Downloads\gitTest2\make\.staticdata
(19240) + IGNORE: msbuild xxxxx // INTEREST: cl gcc cc g++ ar link ld xxx xc8 cpp cpstm8 castm8 clnk tricore-gcc tricore-g++ ctoa etoa ecomppc elxr
(19240)(    3)ME: c:\mingw\bin\..\libexec\gcc\mingw32\6.3.0\cc1.exe
(19240)(    3) + HOME: C:\Users\mac1\AppData\Local\Suresofttech\STATIC Toolbox\apps\STATIC Client for C, C++ v1.1.6\
(19240)(    3) + WORKING: C:\Users\mac1\Downloads\gitTest2\make\.staticdata
(19240) + IGNORE: msbuild xxxxx // INTEREST: cl gcc cc g++ ar link ld xxx xc8 cpp cpstm8 castm8 clnk tricore-gcc tricore-g++ ctoa etoa ecomppc elxr
(14456)(    4)ME: c:\mingw\bin\..\lib\gcc\mingw32\6.3.0\..\..\..\..\mingw32\bin\as.exe
(14456)(    4) + HOME: C:\Users\mac1\AppData\Local\Suresofttech\STATIC Toolbox\apps\STATIC Client for C, C++ v1.1.6\
(14456)(    4) + WORKING: C:\Users\mac1\Downloads\gitTest2\make\.staticdata
(14456) + IGNORE: msbuild xxxxx // INTEREST: cl gcc cc g++ ar link ld xxx xc8 cpp cpstm8 castm8 clnk tricore-gcc tricore-g++ ctoa etoa ecomppc elxr
(14456)(    4) + Ignored EXENAME: as
(14456)(    4)ME: c:\mingw\bin\..\lib\gcc\mingw32\6.3.0\..\..\..\..\mingw32\bin\as.exe
(14456)(    4) + HOME: C:\Users\mac1\AppData\Local\Suresofttech\STATIC Toolbox\apps\STATIC Client for C, C++ v1.1.6\
(14456)(    4) + WORKING: C:\Users\mac1\Downloads\gitTest2\make\.staticdata
(14456) + IGNORE: msbuild xxxxx // INTEREST: cl gcc cc g++ ar link ld xxx xc8 cpp cpstm8 castm8 clnk tricore-gcc tricore-g++ ctoa etoa ecomppc elxr
(15108)(    2)ME: C:\MinGW\bin\gcc.exe
(15108)(    2) + HOME: C:\Users\mac1\AppData\Local\Suresofttech\STATIC Toolbox\apps\STATIC Client for C, C++ v1.1.6\
(15108)(    2) + WORKING: C:\Users\mac1\Downloads\gitTest2\make\.staticdata
(15108) + IGNORE: msbuild xxxxx // INTEREST: cl gcc cc g++ ar link ld xxx xc8 cpp cpstm8 castm8 clnk tricore-gcc tricore-g++ ctoa etoa ecomppc elxr
(15108)(    2)ME: C:\MinGW\bin\gcc.exe
(15108)(    2) + HOME: C:\Users\mac1\AppData\Local\Suresofttech\STATIC Toolbox\apps\STATIC Client for C, C++ v1.1.6\
(15108)(    2) + WORKING: C:\Users\mac1\Downloads\gitTest2\make\.staticdata
(15108) + IGNORE: msbuild xxxxx // INTEREST: cl gcc cc g++ ar link ld xxx xc8 cpp cpstm8 castm8 clnk tricore-gcc tricore-g++ ctoa etoa ecomppc elxr
(18612)(    6)ME: c:\mingw\bin\..\libexec\gcc\mingw32\6.3.0\collect2.exe
(18612)(    6) + HOME: C:\Users\mac1\AppData\Local\Suresofttech\STATIC Toolbox\apps\STATIC Client for C, C++ v1.1.6\
(18612)(    6) + WORKING: C:\Users\mac1\Downloads\gitTest2\make\.staticdata
(18612) + IGNORE: msbuild xxxxx // INTEREST: cl gcc cc g++ ar link ld xxx xc8 cpp cpstm8 castm8 clnk tricore-gcc tricore-g++ ctoa etoa ecomppc elxr
(18612)(    6) + Ignored EXENAME: collect2
( 7484)(    7)ME: c:\mingw\bin\..\lib\gcc\mingw32\6.3.0\..\..\..\..\mingw32\bin\ld.exe
( 7484)(    7) + HOME: C:\Users\mac1\AppData\Local\Suresofttech\STATIC Toolbox\apps\STATIC Client for C, C++ v1.1.6\
( 7484)(    7) + WORKING: C:\Users\mac1\Downloads\gitTest2\make\.staticdata
( 7484) + IGNORE: msbuild xxxxx // INTEREST: cl gcc cc g++ ar link ld xxx xc8 cpp cpstm8 castm8 clnk tricore-gcc tricore-g++ ctoa etoa ecomppc elxr
( 7484)(    7)ME: c:\mingw\bin\..\lib\gcc\mingw32\6.3.0\..\..\..\..\mingw32\bin\ld.exe
( 7484)(    7) + HOME: C:\Users\mac1\AppData\Local\Suresofttech\STATIC Toolbox\apps\STATIC Client for C, C++ v1.1.6\
( 7484)(    7) + WORKING: C:\Users\mac1\Downloads\gitTest2\make\.staticdata
( 7484) + IGNORE: msbuild xxxxx // INTEREST: cl gcc cc g++ ar link ld xxx xc8 cpp cpstm8 castm8 clnk tricore-gcc tricore-g++ ctoa etoa ecomppc elxr
(18612)(    6)ME: c:\mingw\bin\..\libexec\gcc\mingw32\6.3.0\collect2.exe
(18612)(    6) + HOME: C:\Users\mac1\AppData\Local\Suresofttech\STATIC Toolbox\apps\STATIC Client for C, C++ v1.1.6\
(18612)(    6) + WORKING: C:\Users\mac1\Downloads\gitTest2\make\.staticdata
(18612) + IGNORE: msbuild xxxxx // INTEREST: cl gcc cc g++ ar link ld xxx xc8 cpp cpstm8 castm8 clnk tricore-gcc tricore-g++ ctoa etoa ecomppc elxr
(14472)(    5)ME: C:\MinGW\bin\gcc.exe
(14472)(    5) + HOME: C:\Users\mac1\AppData\Local\Suresofttech\STATIC Toolbox\apps\STATIC Client for C, C++ v1.1.6\
(14472)(    5) + WORKING: C:\Users\mac1\Downloads\gitTest2\make\.staticdata
(14472) + IGNORE: msbuild xxxxx // INTEREST: cl gcc cc g++ ar link ld xxx xc8 cpp cpstm8 castm8 clnk tricore-gcc tricore-g++ ctoa etoa ecomppc elxr
(14472)(    5)ME: C:\MinGW\bin\gcc.exe
(14472)(    5) + HOME: C:\Users\mac1\AppData\Local\Suresofttech\STATIC Toolbox\apps\STATIC Client for C, C++ v1.1.6\
(14472)(    5) + WORKING: C:\Users\mac1\Downloads\gitTest2\make\.staticdata
(14472) + IGNORE: msbuild xxxxx // INTEREST: cl gcc cc g++ ar link ld xxx xc8 cpp cpstm8 castm8 clnk tricore-gcc tricore-g++ ctoa etoa ecomppc elxr
(25184)(    1)ME: C:\Program Files (x86)\GnuWin32\bin\make.exe
(25184)(    1) + HOME: C:\Users\mac1\AppData\Local\Suresofttech\STATIC Toolbox\apps\STATIC Client for C, C++ v1.1.6\
(25184)(    1) + WORKING: C:\Users\mac1\Downloads\gitTest2\make\.staticdata
(25184) + IGNORE: msbuild xxxxx // INTEREST: cl gcc cc g++ ar link ld xxx xc8 cpp cpstm8 castm8 clnk tricore-gcc tricore-g++ ctoa etoa ecomppc elxr
