[INFO ] [main] Importing project.
[INFO ] [main] Importing ruleSet.
[INFO ] [main] Importing analysis exclusion.
[INFO ] [main] Creating new revision.
[INFO ] [main] ----------------------SolutionBuilder----------------------
[INFO ] [main] Execute [cmd,/c,chcp,65001,&,cmd,/c,",C:\staticToolbox\apps\STATIC Client for C# v1.2.4\SolutionBuilder\SolutionBuilder.exe,-s,Tetris.sln,-o,C:\Users\mac1\Downloads\build\C#\Tetris\.static\CS11,-c,C:\Users\mac1\Downloads\build\C#\Tetris\.static\CS11\sb_option.json,"]
[INFO ] [SolutionBuilder] Active code page: 65001
[INFO ] [SolutionBuilder] [INFO] *******************************
[INFO ] [SolutionBuilder] [INFO] SolutionBuilder 1.2.0.1
[INFO ] [SolutionBuilder] [INFO] *******************************
[INFO ] [SolutionBuilder] [INFO] Parsing the arguments.
[INFO ] [SolutionBuilder] [INFO] - Solution file: C:\Users\mac1\Downloads\build\C#\Tetris\Tetris.sln
[INFO ] [SolutionBuilder] [INFO] - Output path  : C:\Users\mac1\Downloads\build\C#\Tetris\.static\CS11
[INFO ] [SolutionBuilder] [INFO] - Config path  : C:\Users\mac1\Downloads\build\C#\Tetris\.static\CS11\sb_option.json
[INFO ] [SolutionBuilder] 
[INFO ] [SolutionBuilder] [INFO] MSBuild\Current\Bin\MSBuild.exe is not exist
[INFO ] [SolutionBuilder] [INFO] Open the solution file.
[INFO ] [SolutionBuilder] [INFO] Open the project file(s).
[INFO ] [SolutionBuilder] [INFO] Collecting the data.
[INFO ] [SolutionBuilder] [INFO] Start Compile.
[INFO ] [SolutionBuilder] 
[INFO ] [SolutionBuilder] [INFO] Project: Tetris.GameEngine
[INFO ] [SolutionBuilder] [INFO] Project: Tetris.ConsoleUI
[INFO ] [SolutionBuilder] [INFO] Project: Tetris.DesktopUI
[INFO ] [SolutionBuilder] [INFO] Project: Tetris.GameEngine.Test
[INFO ] [SolutionBuilder] [WARNING] Compilation Finished. Check the Compile.log
[INFO ] [SolutionBuilder] [INFO] Build STATUS is false
[INFO ] [SolutionBuilder] [INFO] assemblyName / OutPutType - Tetris.GameEngine / Library
[INFO ] [SolutionBuilder] [INFO] extension - .dll
[INFO ] [SolutionBuilder] [INFO] Project option - Tetris.GameEngine, |
[INFO ] [SolutionBuilder] [INFO] OutputPath - C:\Users\mac1\Downloads\build\C#\Tetris\Tetris.GameEngine\bin\Debug\Tetris.GameEngine.dll
[INFO ] [SolutionBuilder] [INFO] Original Output Path: C:\Users\mac1\Downloads\build\C#\Tetris\Tetris.GameEngine\bin\Debug\Tetris.GameEngine.dll
[INFO ] [SolutionBuilder] [INFO] C:\Users\mac1\Downloads\build\C#\Tetris\Tetris.GameEngine\bin\Debug\Tetris.GameEngine.dll is exist
[INFO ] [SolutionBuilder] [INFO] BuildProject.Project Create Fail - Use vsList Last Version
[INFO ] [SolutionBuilder] [INFO] Build STATUS is false
[INFO ] [SolutionBuilder] [INFO] assemblyName / OutPutType - Tetris.ConsoleUI / Exe
[INFO ] [SolutionBuilder] [INFO] extension - .exe
[INFO ] [SolutionBuilder] [INFO] Project option - Tetris.ConsoleUI, |
[INFO ] [SolutionBuilder] [INFO] OutputPath - C:\Users\mac1\Downloads\build\C#\Tetris\Tetris.ConsoleUI\bin\Debug\Tetris.ConsoleUI.exe
[INFO ] [SolutionBuilder] [INFO] Original Output Path: C:\Users\mac1\Downloads\build\C#\Tetris\Tetris.ConsoleUI\bin\Debug\Tetris.ConsoleUI.exe
[INFO ] [SolutionBuilder] [INFO] C:\Users\mac1\Downloads\build\C#\Tetris\Tetris.ConsoleUI\bin\Debug\Tetris.ConsoleUI.exe is exist
[INFO ] [SolutionBuilder] [INFO] BuildProject.Project Create Fail - Use vsList Last Version
[INFO ] [SolutionBuilder] [INFO] Build STATUS is false
[INFO ] [SolutionBuilder] [INFO] assemblyName / OutPutType - Tetris.DesktopUI / WinExe
[INFO ] [SolutionBuilder] [INFO] extension - .exe
[INFO ] [SolutionBuilder] [INFO] Project option - Tetris.DesktopUI, |
[INFO ] [SolutionBuilder] [INFO] OutputPath - C:\Users\mac1\Downloads\build\C#\Tetris\Tetris.DesktopUI\bin\Debug\Tetris.DesktopUI.exe
[INFO ] [SolutionBuilder] [INFO] Original Output Path: C:\Users\mac1\Downloads\build\C#\Tetris\Tetris.DesktopUI\bin\Debug\Tetris.DesktopUI.exe
[INFO ] [SolutionBuilder] [INFO] C:\Users\mac1\Downloads\build\C#\Tetris\Tetris.DesktopUI\bin\Debug\Tetris.DesktopUI.exe is exist
[INFO ] [SolutionBuilder] [INFO] BuildProject.Project Create Fail - Use vsList Last Version
[INFO ] [SolutionBuilder] [INFO] Build STATUS is false
[INFO ] [SolutionBuilder] [INFO] assemblyName / OutPutType - Tetris.GameEngine.Test / Library
[INFO ] [SolutionBuilder] [INFO] extension - .dll
[INFO ] [SolutionBuilder] [INFO] Project option - Tetris.GameEngine.Test, |
[INFO ] [SolutionBuilder] [INFO] OutputPath - C:\Users\mac1\Downloads\build\C#\Tetris\Tetris.GameEngine.Test\bin\Debug\Tetris.GameEngine.Test.dll
[INFO ] [SolutionBuilder] [INFO] Original Output Path: C:\Users\mac1\Downloads\build\C#\Tetris\Tetris.GameEngine.Test\bin\Debug\Tetris.GameEngine.Test.dll
[INFO ] [SolutionBuilder] [INFO] C:\Users\mac1\Downloads\build\C#\Tetris\Tetris.GameEngine.Test\bin\Debug\Tetris.GameEngine.Test.dll is exist
[INFO ] [SolutionBuilder] [INFO] BuildProject.Project Create Fail - Use vsList Last Version
[INFO ] [SolutionBuilder] [INFO] Create .STATICCSHARP file.
[INFO ] [SolutionBuilder] [INFO] Execution TIme: 00:00:01
[WARN ] [main] The process returned non-zero exit value. Exit value : 1
[INFO ] [main] Start Analysis.
[INFO ] [main] Updating revision.: PENDING
[INFO ] [main] Updating revision.: ANALYZING
[WARN ] [main] The module Tetris.GameEngine seems to have failed to build. FxCop execution will be skipped.
[WARN ] [main] The module Tetris.ConsoleUI seems to have failed to build. FxCop execution will be skipped.
[WARN ] [main] The module Tetris.DesktopUI seems to have failed to build. FxCop execution will be skipped.
[WARN ] [main] The module Tetris.GameEngine.Test seems to have failed to build. FxCop execution will be skipped.
[INFO ] [main] ----------------------StyleCopExecutor----------------------
[INFO ] [main] Execute [cmd,/c,chcp,65001,&,cmd,/c,",C:\staticToolbox\apps\STATIC Client for C# v1.2.4\StyleCopCmd\StyleCopCmd.exe,/file:Tetris.sln,/out:C:\Users\mac1\Downloads\build\C#\Tetris\.static\CS11\1620694293543.stylecop.json,/rules:C:\Users\mac1\Downloads\build\C#\Tetris\.static\CS11\active_rules.json,/config:C:\Users\mac1\Downloads\build\C#\Tetris\.static\CS11\sb_option.json,"]
[INFO ] [StyleCopExecutor] Active code page: 65001
[INFO ] [StyleCopExecutor] [INFO] *******************************
[INFO ] [StyleCopExecutor] [INFO] StyleCopCmd 1.2.0.0
[INFO ] [StyleCopExecutor] [INFO] *******************************
[INFO ] [StyleCopExecutor] [INFO] Parsing the arguments.
[INFO ] [StyleCopExecutor] [ERROR] System.InvalidOperationException: No instances of MSBuild could be detected.
[INFO ] [StyleCopExecutor] Try calling RegisterInstance or RegisterMSBuildPath to manually register one.
[INFO ] [StyleCopExecutor]    위치: Microsoft.Build.Locator.MSBuildLocator.RegisterDefaults()
[INFO ] [StyleCopExecutor]    위치: StyleCopCmd.Program.<MainAsync>d__1.MoveNext() 파일 E:\StyleCopExecutor\StyleCopCmd\Program.cs:줄 120
[INFO ] [StyleCopExecutor] [INFO] Execution Time: 00:00:00
[INFO ] [main] ----------------------MetricCalculator----------------------
[INFO ] [main] Execute [cmd,/c,chcp,65001,&,cmd,/c,",C:\staticToolbox\apps\STATIC Client for C# v1.2.4\MetricCalculator\MetricCalculator.exe,-s,Tetris.sln,-e,C:\Users\mac1\Downloads\build\C#\Tetris\.static\CS11\.excluded,-o,C:\Users\mac1\Downloads\build\C#\Tetris\.static\CS11,-c,C:\Users\mac1\Downloads\build\C#\Tetris\.static\CS11\sb_option.json,"]
[INFO ] [MetricCalculator] Active code page: 65001
[INFO ] [MetricCalculator] [INFO] *******************************
[INFO ] [MetricCalculator] [INFO] MetricCalculator 1.2.0.0
[INFO ] [MetricCalculator] [INFO] *******************************
[INFO ] [MetricCalculator] [INFO] Parsing the arguments.
[INFO ] [MetricCalculator] [INFO] - Solution file: C:\Users\mac1\Downloads\build\C#\Tetris\Tetris.sln
[INFO ] [MetricCalculator] [INFO] - Output path  : C:\Users\mac1\Downloads\build\C#\Tetris\.static\CS11
[INFO ] [MetricCalculator] 
[INFO ] [MetricCalculator] [INFO] Open the solution file.
[INFO ] [MetricCalculator] [INFO] Initialize data.
[INFO ] [MetricCalculator] [INFO] Start calculating metrics.
[INFO ] [MetricCalculator] [INFO] Start collecting information of the called function(s)
[INFO ] [MetricCalculator] [INFO] [1/4] Tetris.GameEngine
[INFO ] [MetricCalculator] [INFO] [2/4] Tetris.GameEngine.Test
[INFO ] [MetricCalculator] [INFO] [3/4] Tetris.ConsoleUI
[INFO ] [MetricCalculator] [INFO] [4/4] Tetris.DesktopUI
[INFO ] [MetricCalculator] [INFO] Execution Time: 00:00:02
[INFO ] [main] Collecting File committer
[INFO ] [main] Collecting File committer
[INFO ] [main] Collecting File committer
[INFO ] [main] Collecting File committer
[INFO ] [main] Updating revision.: FINISHED
[INFO ] [main] Uploading project source file.
[INFO ] [main] Creating defect file for upload.
[INFO ] [main] Uploading defects.
[INFO ] [main] Creating metric file for upload.
[INFO ] [main] Uploading metrics.
[INFO ] [main] Uploading analysis log.
[INFO ] [main] Finish Analysis.
[INFO ] [main] Writing hints in C:\Users\mac1\Downloads\build\C#\Tetris\.hint
