==================================================================
2021/06/01_08:38:54:140
processName:make
PID:  29680
PPID: 30240
csID: 1
==================================================================
==================================================================
2021/06/01_08:38:54:201
processName:gcc
PID:  24748
PPID: 29680
csID: 2
==================================================================
==================================================================
2021/06/01_08:38:54:280
processName:cc1
PID:  28024
PPID: 24748
csID: 3
==================================================================
==================================================================
2021/06/01_08:38:54:412
processName:as
PID:  28012
PPID: 24748
csID: 4
==================================================================
==================================================================
2021/06/01_08:38:54:540
processName:gcc
PID:  30268
PPID: 29680
csID: 5
==================================================================
==================================================================
2021/06/01_08:38:54:608
processName:collect2
PID:  19668
PPID: 30268
csID: 6
==================================================================
==================================================================
2021/06/01_08:38:54:673
processName:ld
PID:  29104
PPID: 19668
csID: 7
==================================================================
