==================================================================
2021/06/01_09:46:24:959
processName:make
PID:  19076
PPID: 16788
csID: 1
==================================================================
==================================================================
2021/06/01_09:46:25:12
processName:gcc
PID:  24588
PPID: 19076
csID: 2
==================================================================
==================================================================
2021/06/01_09:46:25:86
processName:cc1
PID:  28628
PPID: 24588
csID: 3
==================================================================
==================================================================
2021/06/01_09:46:25:187
processName:as
PID:  28508
PPID: 24588
csID: 4
==================================================================
==================================================================
2021/06/01_09:46:25:278
processName:gcc
PID:  29100
PPID: 19076
csID: 5
==================================================================
==================================================================
2021/06/01_09:46:25:340
processName:collect2
PID:  12724
PPID: 29100
csID: 6
==================================================================
==================================================================
2021/06/01_09:46:25:400
processName:ld
PID:  23340
PPID: 12724
csID: 7
==================================================================
