(19076)(    1)ME: C:\Program Files (x86)\GnuWin32\bin\make.exe
(19076)(    1) + HOME: C:\Users\mac1\AppData\Local\Suresofttech\STATIC Toolbox\apps\STATIC Client for C, C++ v1.1.6\
(19076)(    1) + WORKING: C:\Users\mac1\Downloads\gitTest2\make\.staticdata
(19076) + IGNORE: msbuild xxxxx // INTEREST: cl gcc cc g++ ar link ld xxx xc8 cpp cpstm8 castm8 clnk tricore-gcc tricore-g++ ctoa etoa ecomppc elxr
(19076)(    1) + Ignored EXENAME: make
(28628)(    3)ME: c:\mingw\bin\..\libexec\gcc\mingw32\6.3.0\cc1.exe
(28628)(    3) + HOME: C:\Users\mac1\AppData\Local\Suresofttech\STATIC Toolbox\apps\STATIC Client for C, C++ v1.1.6\
(28628)(    3) + WORKING: C:\Users\mac1\Downloads\gitTest2\make\.staticdata
(28628) + IGNORE: msbuild xxxxx // INTEREST: cl gcc cc g++ ar link ld xxx xc8 cpp cpstm8 castm8 clnk tricore-gcc tricore-g++ ctoa etoa ecomppc elxr
(28628)(    3)ME: c:\mingw\bin\..\libexec\gcc\mingw32\6.3.0\cc1.exe
(28628)(    3) + HOME: C:\Users\mac1\AppData\Local\Suresofttech\STATIC Toolbox\apps\STATIC Client for C, C++ v1.1.6\
(28628)(    3) + WORKING: C:\Users\mac1\Downloads\gitTest2\make\.staticdata
(28628) + IGNORE: msbuild xxxxx // INTEREST: cl gcc cc g++ ar link ld xxx xc8 cpp cpstm8 castm8 clnk tricore-gcc tricore-g++ ctoa etoa ecomppc elxr
(28508)(    4)ME: c:\mingw\bin\..\lib\gcc\mingw32\6.3.0\..\..\..\..\mingw32\bin\as.exe
(28508)(    4) + HOME: C:\Users\mac1\AppData\Local\Suresofttech\STATIC Toolbox\apps\STATIC Client for C, C++ v1.1.6\
(28508)(    4) + WORKING: C:\Users\mac1\Downloads\gitTest2\make\.staticdata
(28508) + IGNORE: msbuild xxxxx // INTEREST: cl gcc cc g++ ar link ld xxx xc8 cpp cpstm8 castm8 clnk tricore-gcc tricore-g++ ctoa etoa ecomppc elxr
(28508)(    4) + Ignored EXENAME: as
(28508)(    4)ME: c:\mingw\bin\..\lib\gcc\mingw32\6.3.0\..\..\..\..\mingw32\bin\as.exe
(28508)(    4) + HOME: C:\Users\mac1\AppData\Local\Suresofttech\STATIC Toolbox\apps\STATIC Client for C, C++ v1.1.6\
(28508)(    4) + WORKING: C:\Users\mac1\Downloads\gitTest2\make\.staticdata
(28508) + IGNORE: msbuild xxxxx // INTEREST: cl gcc cc g++ ar link ld xxx xc8 cpp cpstm8 castm8 clnk tricore-gcc tricore-g++ ctoa etoa ecomppc elxr
(24588)(    2)ME: C:\MinGW\bin\gcc.exe
(24588)(    2) + HOME: C:\Users\mac1\AppData\Local\Suresofttech\STATIC Toolbox\apps\STATIC Client for C, C++ v1.1.6\
(24588)(    2) + WORKING: C:\Users\mac1\Downloads\gitTest2\make\.staticdata
(24588) + IGNORE: msbuild xxxxx // INTEREST: cl gcc cc g++ ar link ld xxx xc8 cpp cpstm8 castm8 clnk tricore-gcc tricore-g++ ctoa etoa ecomppc elxr
(24588)(    2)ME: C:\MinGW\bin\gcc.exe
(24588)(    2) + HOME: C:\Users\mac1\AppData\Local\Suresofttech\STATIC Toolbox\apps\STATIC Client for C, C++ v1.1.6\
(24588)(    2) + WORKING: C:\Users\mac1\Downloads\gitTest2\make\.staticdata
(24588) + IGNORE: msbuild xxxxx // INTEREST: cl gcc cc g++ ar link ld xxx xc8 cpp cpstm8 castm8 clnk tricore-gcc tricore-g++ ctoa etoa ecomppc elxr
(12724)(    6)ME: c:\mingw\bin\..\libexec\gcc\mingw32\6.3.0\collect2.exe
(12724)(    6) + HOME: C:\Users\mac1\AppData\Local\Suresofttech\STATIC Toolbox\apps\STATIC Client for C, C++ v1.1.6\
(12724)(    6) + WORKING: C:\Users\mac1\Downloads\gitTest2\make\.staticdata
(12724) + IGNORE: msbuild xxxxx // INTEREST: cl gcc cc g++ ar link ld xxx xc8 cpp cpstm8 castm8 clnk tricore-gcc tricore-g++ ctoa etoa ecomppc elxr
(12724)(    6) + Ignored EXENAME: collect2
(23340)(    7)ME: c:\mingw\bin\..\lib\gcc\mingw32\6.3.0\..\..\..\..\mingw32\bin\ld.exe
(23340)(    7) + HOME: C:\Users\mac1\AppData\Local\Suresofttech\STATIC Toolbox\apps\STATIC Client for C, C++ v1.1.6\
(23340)(    7) + WORKING: C:\Users\mac1\Downloads\gitTest2\make\.staticdata
(23340) + IGNORE: msbuild xxxxx // INTEREST: cl gcc cc g++ ar link ld xxx xc8 cpp cpstm8 castm8 clnk tricore-gcc tricore-g++ ctoa etoa ecomppc elxr
(23340)(    7)ME: c:\mingw\bin\..\lib\gcc\mingw32\6.3.0\..\..\..\..\mingw32\bin\ld.exe
(23340)(    7) + HOME: C:\Users\mac1\AppData\Local\Suresofttech\STATIC Toolbox\apps\STATIC Client for C, C++ v1.1.6\
(23340)(    7) + WORKING: C:\Users\mac1\Downloads\gitTest2\make\.staticdata
(23340) + IGNORE: msbuild xxxxx // INTEREST: cl gcc cc g++ ar link ld xxx xc8 cpp cpstm8 castm8 clnk tricore-gcc tricore-g++ ctoa etoa ecomppc elxr
(12724)(    6)ME: c:\mingw\bin\..\libexec\gcc\mingw32\6.3.0\collect2.exe
(12724)(    6) + HOME: C:\Users\mac1\AppData\Local\Suresofttech\STATIC Toolbox\apps\STATIC Client for C, C++ v1.1.6\
(12724)(    6) + WORKING: C:\Users\mac1\Downloads\gitTest2\make\.staticdata
(12724) + IGNORE: msbuild xxxxx // INTEREST: cl gcc cc g++ ar link ld xxx xc8 cpp cpstm8 castm8 clnk tricore-gcc tricore-g++ ctoa etoa ecomppc elxr
(29100)(    5)ME: C:\MinGW\bin\gcc.exe
(29100)(    5) + HOME: C:\Users\mac1\AppData\Local\Suresofttech\STATIC Toolbox\apps\STATIC Client for C, C++ v1.1.6\
(29100)(    5) + WORKING: C:\Users\mac1\Downloads\gitTest2\make\.staticdata
(29100) + IGNORE: msbuild xxxxx // INTEREST: cl gcc cc g++ ar link ld xxx xc8 cpp cpstm8 castm8 clnk tricore-gcc tricore-g++ ctoa etoa ecomppc elxr
(29100)(    5)ME: C:\MinGW\bin\gcc.exe
(29100)(    5) + HOME: C:\Users\mac1\AppData\Local\Suresofttech\STATIC Toolbox\apps\STATIC Client for C, C++ v1.1.6\
(29100)(    5) + WORKING: C:\Users\mac1\Downloads\gitTest2\make\.staticdata
(29100) + IGNORE: msbuild xxxxx // INTEREST: cl gcc cc g++ ar link ld xxx xc8 cpp cpstm8 castm8 clnk tricore-gcc tricore-g++ ctoa etoa ecomppc elxr
(19076)(    1)ME: C:\Program Files (x86)\GnuWin32\bin\make.exe
(19076)(    1) + HOME: C:\Users\mac1\AppData\Local\Suresofttech\STATIC Toolbox\apps\STATIC Client for C, C++ v1.1.6\
(19076)(    1) + WORKING: C:\Users\mac1\Downloads\gitTest2\make\.staticdata
(19076) + IGNORE: msbuild xxxxx // INTEREST: cl gcc cc g++ ar link ld xxx xc8 cpp cpstm8 castm8 clnk tricore-gcc tricore-g++ ctoa etoa ecomppc elxr
