[INFO ] [main] Importing project.
[INFO ] [main] Importing ruleSet.
[INFO ] [main] Importing analysis exclusion.
[INFO ] [main] Creating new revision.
[WARN ] [main] Invalid character encountered in file fromString at line 3 for encoding UTF-16. Please fix file content or configure the encoding to be used using property 'sonar.sourceEncoding'.
[INFO ] [main] Start Analysis.
[INFO ] [main] Updating revision.: PENDING
[INFO ] [main] Updating revision.: ANALYZING
[INFO ] [main] JavaClasspath initialization
[INFO ] [main] JavaClasspath initialization (done) | time=44ms
[INFO ] [main] JavaTestClasspath initialization
[INFO ] [main] JavaTestClasspath initialization (done) | time=30ms
[INFO ] [main] Java Main Files AST scan
[INFO ] [main] 35 source files to be analyzed
[INFO ] [Report about progress of Java AST analyzer] 35/35 source files have been analyzed
[WARN ] [main] Classes not found during the analysis : [javax.annotation.meta.When, org.apache.http.client.HttpClient, org.apache.http.client.config.RequestConfig, org.apache.http.client.config.RequestConfig$Builder, org.apache.http.client.methods.HttpUriRequest, org.apache.http.protocol.HttpContext]
[INFO ] [main] Java Main Files AST scan (done) | time=2825ms
[INFO ] [main] Java Test Files AST scan
[INFO ] [main] 11 source files to be analyzed
[INFO ] [Report about progress of Java AST analyzer] 11/11 source files have been analyzed
[INFO ] [main] Java Test Files AST scan (done) | time=540ms
[INFO ] [main] Collecting File committer
[WARN ] [main] null
[INFO ] [main] Updating revision.: FINISHED
[INFO ] [main] Uploading project source file.
[INFO ] [main] Creating defect file for upload.
[INFO ] [main] Uploading defects.
[INFO ] [main] Creating metric file for upload.
[INFO ] [main] Uploading metrics.
[INFO ] [main] Uploading analysis log.
[INFO ] [main] Finish Analysis.
[INFO ] [main] Writing hints in C:\Users\mac1\Downloads\build\maven\Notification\.hint
