==================================================================
2021/05/31_17:28:56:483
processName:make
PID:  9180
PPID: 15260
csID: 1
==================================================================
==================================================================
2021/05/31_17:28:56:533
processName:gcc
PID:  3468
PPID: 9180
csID: 2
==================================================================
==================================================================
2021/05/31_17:28:56:601
processName:cc1
PID:  12952
PPID: 3468
csID: 3
==================================================================
==================================================================
2021/05/31_17:28:56:690
processName:as
PID:  6428
PPID: 3468
csID: 4
==================================================================
==================================================================
2021/05/31_17:28:56:763
processName:gcc
PID:  19368
PPID: 9180
csID: 5
==================================================================
==================================================================
2021/05/31_17:28:56:823
processName:collect2
PID:  17336
PPID: 19368
csID: 6
==================================================================
==================================================================
2021/05/31_17:28:56:879
processName:ld
PID:  18072
PPID: 17336
csID: 7
==================================================================
