==================================================================
2021/06/01_08:18:09:911
processName:make
PID:  27748
PPID: 28860
csID: 1
==================================================================
==================================================================
2021/06/01_08:18:09:975
processName:gcc
PID:  5452
PPID: 27748
csID: 2
==================================================================
==================================================================
2021/06/01_08:18:10:60
processName:cc1
PID:  29976
PPID: 5452
csID: 3
==================================================================
==================================================================
2021/06/01_08:18:10:165
processName:as
PID:  27604
PPID: 5452
csID: 4
==================================================================
==================================================================
2021/06/01_08:18:10:265
processName:gcc
PID:  30448
PPID: 27748
csID: 5
==================================================================
==================================================================
2021/06/01_08:18:10:341
processName:collect2
PID:  28088
PPID: 30448
csID: 6
==================================================================
==================================================================
2021/06/01_08:18:10:397
processName:ld
PID:  28420
PPID: 28088
csID: 7
==================================================================
