[INFO ] [main] Importing project.
[INFO ] [main] Importing ruleSet.
[INFO ] [main] Importing analysis exclusion.
[INFO ] [main] Creating new revision.
[INFO ] [main] Start Analysis.
[INFO ] [main] Updating revision.: PENDING
[INFO ] [main] Updating revision.: ANALYZING
[INFO ] [main] JavaClasspath initialization
[INFO ] [main] JavaClasspath initialization (done) | time=19ms
[INFO ] [main] JavaTestClasspath initialization
[INFO ] [main] JavaTestClasspath initialization (done) | time=7ms
[INFO ] [main] Java Main Files AST scan
[INFO ] [main] 2 source files to be analyzed
[INFO ] [Report about progress of Java AST analyzer] 2/2 source files have been analyzed
[INFO ] [main] Java Main Files AST scan (done) | time=552ms
[INFO ] [main] Java Test Files AST scan
[INFO ] [main] 1 source files to be analyzed
[INFO ] [Report about progress of Java AST analyzer] 1/1 source files have been analyzed
[INFO ] [main] Java Test Files AST scan (done) | time=115ms
[INFO ] [main] Collecting File committer
[WARN ] [main] null
[INFO ] [main] Updating revision.: FINISHED
[INFO ] [main] Uploading project source file.
[INFO ] [main] Creating defect file for upload.
[INFO ] [main] Uploading defects.
[INFO ] [main] Creating metric file for upload.
[INFO ] [main] Uploading metrics.
[INFO ] [main] Uploading analysis log.
[INFO ] [main] Finish Analysis.
[INFO ] [main] Writing hints in C:\Users\ysgo\Desktop\STATIC-JAVA\gradle_sample\complete\.hint
[INFO ] [main] post-action: ciat
[INFO ] [main] environments: [ciat]
[INFO ] [main] ------------------------post-action------------------------
[INFO ] [main] Execute [cmd,/c,chcp,65001,&,cmd,/c,",ciat,"]
[INFO ] [post-action] Active code page: 65001
[INFO ] [post-action] > Try to find arguments from environment variables.
[INFO ] [post-action] > The revision 9a13aaca-cd12-4ae3-ac88-4f3476e7ab63 was terminated with FINISHED
[INFO ] [post-action] > The client created.
[INFO ] [post-action] > Downloading artifacts from server(211.116.223.195)...
[INFO ] [post-action] > Extracting C:\Users\ysgo\Desktop\STATIC-JAVA\gradle_sample\complete\.static\JAVACIAT\artifacts_report.zip to C:\Users\ysgo\Desktop\STATIC-JAVA\gradle_sample\complete\.static\JAVACIAT\artifacts_report
[INFO ] [post-action] > Loading defects...
[INFO ] [post-action] > Loading fileinfo...
[INFO ] [post-action] > Loading rulesets...
[INFO ] [post-action] > Reporting data to .
[INFO ] [post-action] > Ready for reporting about 20 defects
[INFO ] [post-action] > Writing 22 lines data to C:\Users\ysgo\Desktop\STATIC-JAVA\gradle_sample\complete\.static\JAVACIAT\defects.csv
[INFO ] [post-action] > The csv report has been completed.
[INFO ] [post-action] > Requesting to generate and to download the full report
[INFO ] [post-action] > Request to generate the full report
[INFO ] [post-action] > Report ID is 15941102232100
[INFO ] [post-action] > Waiting for report to be generated
[INFO ] [post-action] > Writing the full report to C:\Users\ysgo\Desktop\STATIC-JAVA\gradle_sample\complete\.static\JAVACIAT\report.zip
[INFO ] [post-action] > THE END!
