==================================================================
2021/06/01_11:52:44:650
processName:make
PID:  8512
PPID: 25832
csID: 1
==================================================================
==================================================================
2021/06/01_11:52:44:712
processName:gcc
PID:  16516
PPID: 8512
csID: 2
==================================================================
==================================================================
2021/06/01_11:52:44:786
processName:cc1
PID:  27400
PPID: 16516
csID: 3
==================================================================
==================================================================
2021/06/01_11:52:44:885
processName:as
PID:  7716
PPID: 16516
csID: 4
==================================================================
==================================================================
2021/06/01_11:52:44:969
processName:gcc
PID:  23784
PPID: 8512
csID: 5
==================================================================
==================================================================
2021/06/01_11:52:45:29
processName:collect2
PID:  23340
PPID: 23784
csID: 6
==================================================================
==================================================================
2021/06/01_11:52:45:84
processName:ld
PID:  17616
PPID: 23340
csID: 7
==================================================================
