==================================================================
2021/05/31_17:36:30:799
processName:make
PID:  15160
PPID: 4788
csID: 1
==================================================================
==================================================================
2021/05/31_17:36:30:885
processName:gcc
PID:  13044
PPID: 15160
csID: 2
==================================================================
==================================================================
2021/05/31_17:36:31:32
processName:cc1
PID:  608
PPID: 13044
csID: 3
==================================================================
==================================================================
2021/05/31_17:36:31:175
processName:as
PID:  20324
PPID: 13044
csID: 4
==================================================================
==================================================================
2021/05/31_17:36:31:285
processName:gcc
PID:  11392
PPID: 15160
csID: 5
==================================================================
==================================================================
2021/05/31_17:36:31:387
processName:collect2
PID:  4624
PPID: 11392
csID: 6
==================================================================
==================================================================
2021/05/31_17:36:31:478
processName:ld
PID:  8836
PPID: 4624
csID: 7
==================================================================
