==================================================================
2021/06/07_15:36:13:816
processName:make
PID:  13036
PPID: 12312
csID: 2
==================================================================
==================================================================
2021/06/07_15:36:13:870
processName:gcc
PID:  8076
PPID: 13036
csID: 3
==================================================================
==================================================================
2021/06/07_15:36:13:933
processName:cc1
PID:  1724
PPID: 8076
csID: 4
==================================================================
==================================================================
2021/06/07_15:36:14:14
processName:as
PID:  13932
PPID: 8076
csID: 5
==================================================================
==================================================================
2021/06/07_15:36:14:74
processName:gcc
PID:  10952
PPID: 13036
csID: 6
==================================================================
==================================================================
2021/06/07_15:36:14:132
processName:collect2
PID:  12916
PPID: 10952
csID: 7
==================================================================
==================================================================
2021/06/07_15:36:14:184
processName:ld
PID:  1760
PPID: 12916
csID: 8
==================================================================
