==================================================================
2021/06/01_11:02:49:394
processName:make
PID:  28100
PPID: 28272
csID: 1
==================================================================
==================================================================
2021/06/01_11:02:49:468
processName:gcc
PID:  21296
PPID: 28100
csID: 2
==================================================================
==================================================================
2021/06/01_11:02:49:549
processName:cc1
PID:  4104
PPID: 21296
csID: 3
==================================================================
==================================================================
2021/06/01_11:02:49:654
processName:as
PID:  1636
PPID: 21296
csID: 4
==================================================================
==================================================================
2021/06/01_11:02:49:741
processName:gcc
PID:  16808
PPID: 28100
csID: 5
==================================================================
==================================================================
2021/06/01_11:02:49:807
processName:collect2
PID:  18284
PPID: 16808
csID: 6
==================================================================
==================================================================
2021/06/01_11:02:49:867
processName:ld
PID:  18116
PPID: 18284
csID: 7
==================================================================
