(28100)(    1)ME: C:\Program Files (x86)\GnuWin32\bin\make.exe
(28100)(    1) + HOME: C:\Users\mac1\AppData\Local\Suresofttech\STATIC Toolbox\apps\STATIC Client for C, C++ v1.1.6\
(28100)(    1) + WORKING: C:\Users\mac1\Downloads\gitTest2\make\.staticdata
(28100) + IGNORE: msbuild xxxxx // INTEREST: cl gcc cc g++ ar link ld xxx xc8 cpp cpstm8 castm8 clnk tricore-gcc tricore-g++ ctoa etoa ecomppc elxr
(28100)(    1) + Ignored EXENAME: make
( 4104)(    3)ME: c:\mingw\bin\..\libexec\gcc\mingw32\6.3.0\cc1.exe
( 4104)(    3) + HOME: C:\Users\mac1\AppData\Local\Suresofttech\STATIC Toolbox\apps\STATIC Client for C, C++ v1.1.6\
( 4104)(    3) + WORKING: C:\Users\mac1\Downloads\gitTest2\make\.staticdata
( 4104) + IGNORE: msbuild xxxxx // INTEREST: cl gcc cc g++ ar link ld xxx xc8 cpp cpstm8 castm8 clnk tricore-gcc tricore-g++ ctoa etoa ecomppc elxr
( 4104)(    3)ME: c:\mingw\bin\..\libexec\gcc\mingw32\6.3.0\cc1.exe
( 4104)(    3) + HOME: C:\Users\mac1\AppData\Local\Suresofttech\STATIC Toolbox\apps\STATIC Client for C, C++ v1.1.6\
( 4104)(    3) + WORKING: C:\Users\mac1\Downloads\gitTest2\make\.staticdata
( 4104) + IGNORE: msbuild xxxxx // INTEREST: cl gcc cc g++ ar link ld xxx xc8 cpp cpstm8 castm8 clnk tricore-gcc tricore-g++ ctoa etoa ecomppc elxr
( 1636)(    4)ME: c:\mingw\bin\..\lib\gcc\mingw32\6.3.0\..\..\..\..\mingw32\bin\as.exe
( 1636)(    4) + HOME: C:\Users\mac1\AppData\Local\Suresofttech\STATIC Toolbox\apps\STATIC Client for C, C++ v1.1.6\
( 1636)(    4) + WORKING: C:\Users\mac1\Downloads\gitTest2\make\.staticdata
( 1636) + IGNORE: msbuild xxxxx // INTEREST: cl gcc cc g++ ar link ld xxx xc8 cpp cpstm8 castm8 clnk tricore-gcc tricore-g++ ctoa etoa ecomppc elxr
( 1636)(    4) + Ignored EXENAME: as
( 1636)(    4)ME: c:\mingw\bin\..\lib\gcc\mingw32\6.3.0\..\..\..\..\mingw32\bin\as.exe
( 1636)(    4) + HOME: C:\Users\mac1\AppData\Local\Suresofttech\STATIC Toolbox\apps\STATIC Client for C, C++ v1.1.6\
( 1636)(    4) + WORKING: C:\Users\mac1\Downloads\gitTest2\make\.staticdata
( 1636) + IGNORE: msbuild xxxxx // INTEREST: cl gcc cc g++ ar link ld xxx xc8 cpp cpstm8 castm8 clnk tricore-gcc tricore-g++ ctoa etoa ecomppc elxr
(21296)(    2)ME: C:\MinGW\bin\gcc.exe
(21296)(    2) + HOME: C:\Users\mac1\AppData\Local\Suresofttech\STATIC Toolbox\apps\STATIC Client for C, C++ v1.1.6\
(21296)(    2) + WORKING: C:\Users\mac1\Downloads\gitTest2\make\.staticdata
(21296) + IGNORE: msbuild xxxxx // INTEREST: cl gcc cc g++ ar link ld xxx xc8 cpp cpstm8 castm8 clnk tricore-gcc tricore-g++ ctoa etoa ecomppc elxr
(21296)(    2)ME: C:\MinGW\bin\gcc.exe
(21296)(    2) + HOME: C:\Users\mac1\AppData\Local\Suresofttech\STATIC Toolbox\apps\STATIC Client for C, C++ v1.1.6\
(21296)(    2) + WORKING: C:\Users\mac1\Downloads\gitTest2\make\.staticdata
(21296) + IGNORE: msbuild xxxxx // INTEREST: cl gcc cc g++ ar link ld xxx xc8 cpp cpstm8 castm8 clnk tricore-gcc tricore-g++ ctoa etoa ecomppc elxr
(18284)(    6)ME: c:\mingw\bin\..\libexec\gcc\mingw32\6.3.0\collect2.exe
(18284)(    6) + HOME: C:\Users\mac1\AppData\Local\Suresofttech\STATIC Toolbox\apps\STATIC Client for C, C++ v1.1.6\
(18284)(    6) + WORKING: C:\Users\mac1\Downloads\gitTest2\make\.staticdata
(18284) + IGNORE: msbuild xxxxx // INTEREST: cl gcc cc g++ ar link ld xxx xc8 cpp cpstm8 castm8 clnk tricore-gcc tricore-g++ ctoa etoa ecomppc elxr
(18284)(    6) + Ignored EXENAME: collect2
(18116)(    7)ME: c:\mingw\bin\..\lib\gcc\mingw32\6.3.0\..\..\..\..\mingw32\bin\ld.exe
(18116)(    7) + HOME: C:\Users\mac1\AppData\Local\Suresofttech\STATIC Toolbox\apps\STATIC Client for C, C++ v1.1.6\
(18116)(    7) + WORKING: C:\Users\mac1\Downloads\gitTest2\make\.staticdata
(18116) + IGNORE: msbuild xxxxx // INTEREST: cl gcc cc g++ ar link ld xxx xc8 cpp cpstm8 castm8 clnk tricore-gcc tricore-g++ ctoa etoa ecomppc elxr
(18116)(    7)ME: c:\mingw\bin\..\lib\gcc\mingw32\6.3.0\..\..\..\..\mingw32\bin\ld.exe
(18116)(    7) + HOME: C:\Users\mac1\AppData\Local\Suresofttech\STATIC Toolbox\apps\STATIC Client for C, C++ v1.1.6\
(18116)(    7) + WORKING: C:\Users\mac1\Downloads\gitTest2\make\.staticdata
(18116) + IGNORE: msbuild xxxxx // INTEREST: cl gcc cc g++ ar link ld xxx xc8 cpp cpstm8 castm8 clnk tricore-gcc tricore-g++ ctoa etoa ecomppc elxr
(18284)(    6)ME: c:\mingw\bin\..\libexec\gcc\mingw32\6.3.0\collect2.exe
(18284)(    6) + HOME: C:\Users\mac1\AppData\Local\Suresofttech\STATIC Toolbox\apps\STATIC Client for C, C++ v1.1.6\
(18284)(    6) + WORKING: C:\Users\mac1\Downloads\gitTest2\make\.staticdata
(18284) + IGNORE: msbuild xxxxx // INTEREST: cl gcc cc g++ ar link ld xxx xc8 cpp cpstm8 castm8 clnk tricore-gcc tricore-g++ ctoa etoa ecomppc elxr
(16808)(    5)ME: C:\MinGW\bin\gcc.exe
(16808)(    5) + HOME: C:\Users\mac1\AppData\Local\Suresofttech\STATIC Toolbox\apps\STATIC Client for C, C++ v1.1.6\
(16808)(    5) + WORKING: C:\Users\mac1\Downloads\gitTest2\make\.staticdata
(16808) + IGNORE: msbuild xxxxx // INTEREST: cl gcc cc g++ ar link ld xxx xc8 cpp cpstm8 castm8 clnk tricore-gcc tricore-g++ ctoa etoa ecomppc elxr
(16808)(    5)ME: C:\MinGW\bin\gcc.exe
(16808)(    5) + HOME: C:\Users\mac1\AppData\Local\Suresofttech\STATIC Toolbox\apps\STATIC Client for C, C++ v1.1.6\
(16808)(    5) + WORKING: C:\Users\mac1\Downloads\gitTest2\make\.staticdata
(16808) + IGNORE: msbuild xxxxx // INTEREST: cl gcc cc g++ ar link ld xxx xc8 cpp cpstm8 castm8 clnk tricore-gcc tricore-g++ ctoa etoa ecomppc elxr
(28100)(    1)ME: C:\Program Files (x86)\GnuWin32\bin\make.exe
(28100)(    1) + HOME: C:\Users\mac1\AppData\Local\Suresofttech\STATIC Toolbox\apps\STATIC Client for C, C++ v1.1.6\
(28100)(    1) + WORKING: C:\Users\mac1\Downloads\gitTest2\make\.staticdata
(28100) + IGNORE: msbuild xxxxx // INTEREST: cl gcc cc g++ ar link ld xxx xc8 cpp cpstm8 castm8 clnk tricore-gcc tricore-g++ ctoa etoa ecomppc elxr
