==================================================================
2021/06/01_08:33:58:909
processName:make
PID:  2424
PPID: 15344
csID: 1
==================================================================
==================================================================
2021/06/01_08:33:58:966
processName:gcc
PID:  21700
PPID: 2424
csID: 2
==================================================================
==================================================================
2021/06/01_08:33:59:47
processName:cc1
PID:  30452
PPID: 21700
csID: 3
==================================================================
==================================================================
2021/06/01_08:33:59:161
processName:as
PID:  18892
PPID: 21700
csID: 4
==================================================================
==================================================================
2021/06/01_08:33:59:257
processName:gcc
PID:  26604
PPID: 2424
csID: 5
==================================================================
==================================================================
2021/06/01_08:33:59:327
processName:collect2
PID:  28192
PPID: 26604
csID: 6
==================================================================
==================================================================
2021/06/01_08:33:59:391
processName:ld
PID:  28948
PPID: 28192
csID: 7
==================================================================
