==================================================================
2021/06/01_09:50:05:302
processName:make
PID:  24788
PPID: 20344
csID: 1
==================================================================
==================================================================
2021/06/01_09:50:05:354
processName:gcc
PID:  29896
PPID: 24788
csID: 2
==================================================================
==================================================================
2021/06/01_09:50:05:423
processName:cc1
PID:  17544
PPID: 29896
csID: 3
==================================================================
==================================================================
2021/06/01_09:50:05:535
processName:as
PID:  17308
PPID: 29896
csID: 4
==================================================================
==================================================================
2021/06/01_09:50:05:618
processName:gcc
PID:  9436
PPID: 24788
csID: 5
==================================================================
==================================================================
2021/06/01_09:50:05:675
processName:collect2
PID:  28032
PPID: 9436
csID: 6
==================================================================
==================================================================
2021/06/01_09:50:05:727
processName:ld
PID:  13148
PPID: 28032
csID: 7
==================================================================
