(24788)(    1)ME: C:\Program Files (x86)\GnuWin32\bin\make.exe
(24788)(    1) + HOME: C:\Users\mac1\AppData\Local\Suresofttech\STATIC Toolbox\apps\STATIC Client for C, C++ v1.1.6\
(24788)(    1) + WORKING: C:\Users\mac1\Downloads\gitTest2\make\.staticdata
(24788) + IGNORE: msbuild xxxxx // INTEREST: cl gcc cc g++ ar link ld xxx xc8 cpp cpstm8 castm8 clnk tricore-gcc tricore-g++ ctoa etoa ecomppc elxr
(24788)(    1) + Ignored EXENAME: make
(17544)(    3)ME: c:\mingw\bin\..\libexec\gcc\mingw32\6.3.0\cc1.exe
(17544)(    3) + HOME: C:\Users\mac1\AppData\Local\Suresofttech\STATIC Toolbox\apps\STATIC Client for C, C++ v1.1.6\
(17544)(    3) + WORKING: C:\Users\mac1\Downloads\gitTest2\make\.staticdata
(17544) + IGNORE: msbuild xxxxx // INTEREST: cl gcc cc g++ ar link ld xxx xc8 cpp cpstm8 castm8 clnk tricore-gcc tricore-g++ ctoa etoa ecomppc elxr
(17544)(    3)ME: c:\mingw\bin\..\libexec\gcc\mingw32\6.3.0\cc1.exe
(17544)(    3) + HOME: C:\Users\mac1\AppData\Local\Suresofttech\STATIC Toolbox\apps\STATIC Client for C, C++ v1.1.6\
(17544)(    3) + WORKING: C:\Users\mac1\Downloads\gitTest2\make\.staticdata
(17544) + IGNORE: msbuild xxxxx // INTEREST: cl gcc cc g++ ar link ld xxx xc8 cpp cpstm8 castm8 clnk tricore-gcc tricore-g++ ctoa etoa ecomppc elxr
(17308)(    4)ME: c:\mingw\bin\..\lib\gcc\mingw32\6.3.0\..\..\..\..\mingw32\bin\as.exe
(17308)(    4) + HOME: C:\Users\mac1\AppData\Local\Suresofttech\STATIC Toolbox\apps\STATIC Client for C, C++ v1.1.6\
(17308)(    4) + WORKING: C:\Users\mac1\Downloads\gitTest2\make\.staticdata
(17308) + IGNORE: msbuild xxxxx // INTEREST: cl gcc cc g++ ar link ld xxx xc8 cpp cpstm8 castm8 clnk tricore-gcc tricore-g++ ctoa etoa ecomppc elxr
(17308)(    4) + Ignored EXENAME: as
(17308)(    4)ME: c:\mingw\bin\..\lib\gcc\mingw32\6.3.0\..\..\..\..\mingw32\bin\as.exe
(17308)(    4) + HOME: C:\Users\mac1\AppData\Local\Suresofttech\STATIC Toolbox\apps\STATIC Client for C, C++ v1.1.6\
(17308)(    4) + WORKING: C:\Users\mac1\Downloads\gitTest2\make\.staticdata
(17308) + IGNORE: msbuild xxxxx // INTEREST: cl gcc cc g++ ar link ld xxx xc8 cpp cpstm8 castm8 clnk tricore-gcc tricore-g++ ctoa etoa ecomppc elxr
(29896)(    2)ME: C:\MinGW\bin\gcc.exe
(29896)(    2) + HOME: C:\Users\mac1\AppData\Local\Suresofttech\STATIC Toolbox\apps\STATIC Client for C, C++ v1.1.6\
(29896)(    2) + WORKING: C:\Users\mac1\Downloads\gitTest2\make\.staticdata
(29896) + IGNORE: msbuild xxxxx // INTEREST: cl gcc cc g++ ar link ld xxx xc8 cpp cpstm8 castm8 clnk tricore-gcc tricore-g++ ctoa etoa ecomppc elxr
(29896)(    2)ME: C:\MinGW\bin\gcc.exe
(29896)(    2) + HOME: C:\Users\mac1\AppData\Local\Suresofttech\STATIC Toolbox\apps\STATIC Client for C, C++ v1.1.6\
(29896)(    2) + WORKING: C:\Users\mac1\Downloads\gitTest2\make\.staticdata
(29896) + IGNORE: msbuild xxxxx // INTEREST: cl gcc cc g++ ar link ld xxx xc8 cpp cpstm8 castm8 clnk tricore-gcc tricore-g++ ctoa etoa ecomppc elxr
(28032)(    6)ME: c:\mingw\bin\..\libexec\gcc\mingw32\6.3.0\collect2.exe
(28032)(    6) + HOME: C:\Users\mac1\AppData\Local\Suresofttech\STATIC Toolbox\apps\STATIC Client for C, C++ v1.1.6\
(28032)(    6) + WORKING: C:\Users\mac1\Downloads\gitTest2\make\.staticdata
(28032) + IGNORE: msbuild xxxxx // INTEREST: cl gcc cc g++ ar link ld xxx xc8 cpp cpstm8 castm8 clnk tricore-gcc tricore-g++ ctoa etoa ecomppc elxr
(28032)(    6) + Ignored EXENAME: collect2
(13148)(    7)ME: c:\mingw\bin\..\lib\gcc\mingw32\6.3.0\..\..\..\..\mingw32\bin\ld.exe
(13148)(    7) + HOME: C:\Users\mac1\AppData\Local\Suresofttech\STATIC Toolbox\apps\STATIC Client for C, C++ v1.1.6\
(13148)(    7) + WORKING: C:\Users\mac1\Downloads\gitTest2\make\.staticdata
(13148) + IGNORE: msbuild xxxxx // INTEREST: cl gcc cc g++ ar link ld xxx xc8 cpp cpstm8 castm8 clnk tricore-gcc tricore-g++ ctoa etoa ecomppc elxr
(13148)(    7)ME: c:\mingw\bin\..\lib\gcc\mingw32\6.3.0\..\..\..\..\mingw32\bin\ld.exe
(13148)(    7) + HOME: C:\Users\mac1\AppData\Local\Suresofttech\STATIC Toolbox\apps\STATIC Client for C, C++ v1.1.6\
(13148)(    7) + WORKING: C:\Users\mac1\Downloads\gitTest2\make\.staticdata
(13148) + IGNORE: msbuild xxxxx // INTEREST: cl gcc cc g++ ar link ld xxx xc8 cpp cpstm8 castm8 clnk tricore-gcc tricore-g++ ctoa etoa ecomppc elxr
(28032)(    6)ME: c:\mingw\bin\..\libexec\gcc\mingw32\6.3.0\collect2.exe
(28032)(    6) + HOME: C:\Users\mac1\AppData\Local\Suresofttech\STATIC Toolbox\apps\STATIC Client for C, C++ v1.1.6\
(28032)(    6) + WORKING: C:\Users\mac1\Downloads\gitTest2\make\.staticdata
(28032) + IGNORE: msbuild xxxxx // INTEREST: cl gcc cc g++ ar link ld xxx xc8 cpp cpstm8 castm8 clnk tricore-gcc tricore-g++ ctoa etoa ecomppc elxr
( 9436)(    5)ME: C:\MinGW\bin\gcc.exe
( 9436)(    5) + HOME: C:\Users\mac1\AppData\Local\Suresofttech\STATIC Toolbox\apps\STATIC Client for C, C++ v1.1.6\
( 9436)(    5) + WORKING: C:\Users\mac1\Downloads\gitTest2\make\.staticdata
( 9436) + IGNORE: msbuild xxxxx // INTEREST: cl gcc cc g++ ar link ld xxx xc8 cpp cpstm8 castm8 clnk tricore-gcc tricore-g++ ctoa etoa ecomppc elxr
( 9436)(    5)ME: C:\MinGW\bin\gcc.exe
( 9436)(    5) + HOME: C:\Users\mac1\AppData\Local\Suresofttech\STATIC Toolbox\apps\STATIC Client for C, C++ v1.1.6\
( 9436)(    5) + WORKING: C:\Users\mac1\Downloads\gitTest2\make\.staticdata
( 9436) + IGNORE: msbuild xxxxx // INTEREST: cl gcc cc g++ ar link ld xxx xc8 cpp cpstm8 castm8 clnk tricore-gcc tricore-g++ ctoa etoa ecomppc elxr
(24788)(    1)ME: C:\Program Files (x86)\GnuWin32\bin\make.exe
(24788)(    1) + HOME: C:\Users\mac1\AppData\Local\Suresofttech\STATIC Toolbox\apps\STATIC Client for C, C++ v1.1.6\
(24788)(    1) + WORKING: C:\Users\mac1\Downloads\gitTest2\make\.staticdata
(24788) + IGNORE: msbuild xxxxx // INTEREST: cl gcc cc g++ ar link ld xxx xc8 cpp cpstm8 castm8 clnk tricore-gcc tricore-g++ ctoa etoa ecomppc elxr
