[2021-05-21 오전 8:49:06] [PROGRESS] 010
[2021-05-21 오전 8:49:06] [INFO] - Solution file: C:\Users\mac1\Downloads\build\C#\Tetris\Tetris.sln
[2021-05-21 오전 8:49:06] [INFO] - Output path  : C:\Users\mac1\Downloads\build\C#\Tetris\.static\C1C1

[2021-05-21 오전 8:49:06] [PROGRESS] 020
[2021-05-21 오전 8:49:06] [INFO] Open the solution file.
[2021-05-21 오전 8:49:09] [INFO] Initialize data.
[2021-05-21 오전 8:49:09] [PROGRESS] 030
[2021-05-21 오전 8:49:09] [INFO] Start calculating metrics.
[2021-05-21 오전 8:49:09] [PROGRESS] 040
[2021-05-21 오전 8:49:09] [INFO] Start collecting information of the called function(s)
[2021-05-21 오전 8:49:11] [DEBUG] The execution time of collecting called func: 1931ms
[2021-05-21 오전 8:49:11] [PROGRESS] 055
[2021-05-21 오전 8:49:11] [DEBUG] The execution time of collecting total metric: 53ms
[2021-05-21 오전 8:49:11] [DEBUG] Set timeout as 180000 milliseconds
[2021-05-21 오전 8:49:11] [INFO] [1/4] Tetris.GameEngine
[2021-05-21 오전 8:49:11] [DEBUG] Checking module name...
[2021-05-21 오전 8:49:11] [DEBUG] Module name : Tetris.GameEngine
[2021-05-21 오전 8:49:11] [DEBUG] Calculating for 7 files...
[2021-05-21 오전 8:49:11] [DEBUG] The execution time of collecting file metric: 12ms
[2021-05-21 오전 8:49:11] [DEBUG] The execution time: 104ms
[2021-05-21 오전 8:49:11] [PROGRESS] 068
[2021-05-21 오전 8:49:11] [INFO] [2/4] Tetris.GameEngine.Test
[2021-05-21 오전 8:49:11] [DEBUG] Checking module name...
[2021-05-21 오전 8:49:11] [DEBUG] Module name : Tetris.GameEngine.Test
[2021-05-21 오전 8:49:11] [DEBUG] Calculating for 5 files...
[2021-05-21 오전 8:49:11] [DEBUG] The execution time of collecting file metric: 4ms
[2021-05-21 오전 8:49:11] [DEBUG] The execution time: 108ms
[2021-05-21 오전 8:49:11] [PROGRESS] 077
[2021-05-21 오전 8:49:11] [INFO] [3/4] Tetris.ConsoleUI
[2021-05-21 오전 8:49:11] [DEBUG] Checking module name...
[2021-05-21 오전 8:49:11] [DEBUG] Module name : Tetris.ConsoleUI
[2021-05-21 오전 8:49:11] [DEBUG] Calculating for 4 files...
[2021-05-21 오전 8:49:11] [DEBUG] The execution time of collecting file metric: 4ms
[2021-05-21 오전 8:49:11] [DEBUG] The execution time: 108ms
[2021-05-21 오전 8:49:11] [PROGRESS] 086
[2021-05-21 오전 8:49:11] [INFO] [4/4] Tetris.DesktopUI
[2021-05-21 오전 8:49:11] [DEBUG] Checking module name...
[2021-05-21 오전 8:49:11] [DEBUG] Module name : Tetris.DesktopUI
[2021-05-21 오전 8:49:11] [DEBUG] Calculating for 6 files...
[2021-05-21 오전 8:49:11] [DEBUG] The execution time of collecting file metric: 1ms
[2021-05-21 오전 8:49:11] [DEBUG] The execution time: 108ms
[2021-05-21 오전 8:49:11] [PROGRESS] 095
[2021-05-21 오전 8:49:11] [DEBUG] WORK_DIAG_Failure: C:\Users\mac1\Downloads\build\C#\Tetris\Tetris.GameEngine\Tetris.GameEngine.csproj' 파일 처리 시 Msbuild에서 실패했습니다. 메시지: C:\Program Files (x86)\Microsoft Visual Studio\2019\BuildTools\MSBuild\Current\Bin\amd64\Microsoft.Common.CurrentVersion.targets: (1177, 5): The reference assemblies for .NETFramework,Version=v4.5 were not found. To resolve this, install the Developer Pack (SDK/Targeting Pack) for this framework version or retarget your application. You can download .NET Framework Developer Packs at https://aka.ms/msbuild/developerpacks
[2021-05-21 오전 8:49:11] [DEBUG] WORK_DIAG_Failure: C:\Users\mac1\Downloads\build\C#\Tetris\Tetris.GameEngine.Test\Tetris.GameEngine.Test.csproj' 파일 처리 시 Msbuild에서 실패했습니다. 메시지: C:\Program Files (x86)\Microsoft Visual Studio\2019\BuildTools\MSBuild\Current\Bin\amd64\Microsoft.Common.CurrentVersion.targets: (1177, 5): The reference assemblies for .NETFramework,Version=v4.5 were not found. To resolve this, install the Developer Pack (SDK/Targeting Pack) for this framework version or retarget your application. You can download .NET Framework Developer Packs at https://aka.ms/msbuild/developerpacks
[2021-05-21 오전 8:49:11] [DEBUG] WORK_DIAG_Warning: 일치하는 메타데이터 참조가 없는 프로젝트 참조를 찾음: C:\Users\mac1\Downloads\build\C#\Tetris\Tetris.GameEngine\Tetris.GameEngine.csproj
[2021-05-21 오전 8:49:11] [DEBUG] WORK_DIAG_Failure: C:\Users\mac1\Downloads\build\C#\Tetris\Tetris.ConsoleUI\Tetris.ConsoleUI.csproj' 파일 처리 시 Msbuild에서 실패했습니다. 메시지: C:\Program Files (x86)\Microsoft Visual Studio\2019\BuildTools\MSBuild\Current\Bin\amd64\Microsoft.Common.CurrentVersion.targets: (1177, 5): The reference assemblies for .NETFramework,Version=v4.5 were not found. To resolve this, install the Developer Pack (SDK/Targeting Pack) for this framework version or retarget your application. You can download .NET Framework Developer Packs at https://aka.ms/msbuild/developerpacks
[2021-05-21 오전 8:49:11] [DEBUG] WORK_DIAG_Warning: 일치하는 메타데이터 참조가 없는 프로젝트 참조를 찾음: C:\Users\mac1\Downloads\build\C#\Tetris\Tetris.GameEngine\Tetris.GameEngine.csproj
[2021-05-21 오전 8:49:11] [DEBUG] WORK_DIAG_Failure: C:\Users\mac1\Downloads\build\C#\Tetris\Tetris.DesktopUI\Tetris.DesktopUI.csproj' 파일 처리 시 Msbuild에서 실패했습니다. 메시지: C:\Program Files (x86)\Microsoft Visual Studio\2019\BuildTools\MSBuild\Current\Bin\amd64\Microsoft.Common.CurrentVersion.targets: (1177, 5): The reference assemblies for .NETFramework,Version=v4.5 were not found. To resolve this, install the Developer Pack (SDK/Targeting Pack) for this framework version or retarget your application. You can download .NET Framework Developer Packs at https://aka.ms/msbuild/developerpacks
[2021-05-21 오전 8:49:11] [PROGRESS] 100
[2021-05-21 오전 8:49:11] [INFO] Execution Time: 00:00:05
