==================================================================
2021/06/07_15:42:29:109
processName:make
PID:  13664
PPID: 1584
csID: 2
==================================================================
==================================================================
2021/06/07_15:42:29:154
processName:gcc
PID:  11552
PPID: 13664
csID: 3
==================================================================
==================================================================
2021/06/07_15:42:29:219
processName:cc1
PID:  13352
PPID: 11552
csID: 4
==================================================================
==================================================================
2021/06/07_15:42:29:299
processName:as
PID:  12816
PPID: 11552
csID: 5
==================================================================
==================================================================
2021/06/07_15:42:29:359
processName:gcc
PID:  3312
PPID: 13664
csID: 6
==================================================================
==================================================================
2021/06/07_15:42:29:414
processName:collect2
PID:  10836
PPID: 3312
csID: 7
==================================================================
==================================================================
2021/06/07_15:42:29:464
processName:ld
PID:  10396
PPID: 10836
csID: 8
==================================================================
