(13664)(    2)ME: C:\Program Files (x86)\GnuWin32\bin\make.exe
(13664)(    2) + HOME: C:\Users\mac1\AppData\Local\Suresofttech\STATIC Toolbox\apps\STATIC Client for C, C++ v1.1.6\
(13664)(    2) + WORKING: C:\Users\mac1\Downloads\gitTest2\make\.staticdata
(13664) + IGNORE: msbuild xxxxx // INTEREST: cl gcc cc g++ ar link ld xxx xc8 cpp cpstm8 castm8 clnk tricore-gcc tricore-g++ ctoa etoa ecomppc elxr
(13664)(    2) + Ignored EXENAME: make
(13352)(    4)ME: c:\mingw\bin\..\libexec\gcc\mingw32\6.3.0\cc1.exe
(13352)(    4) + HOME: C:\Users\mac1\AppData\Local\Suresofttech\STATIC Toolbox\apps\STATIC Client for C, C++ v1.1.6\
(13352)(    4) + WORKING: C:\Users\mac1\Downloads\gitTest2\make\.staticdata
(13352) + IGNORE: msbuild xxxxx // INTEREST: cl gcc cc g++ ar link ld xxx xc8 cpp cpstm8 castm8 clnk tricore-gcc tricore-g++ ctoa etoa ecomppc elxr
(13352)(    4)ME: c:\mingw\bin\..\libexec\gcc\mingw32\6.3.0\cc1.exe
(13352)(    4) + HOME: C:\Users\mac1\AppData\Local\Suresofttech\STATIC Toolbox\apps\STATIC Client for C, C++ v1.1.6\
(13352)(    4) + WORKING: C:\Users\mac1\Downloads\gitTest2\make\.staticdata
(13352) + IGNORE: msbuild xxxxx // INTEREST: cl gcc cc g++ ar link ld xxx xc8 cpp cpstm8 castm8 clnk tricore-gcc tricore-g++ ctoa etoa ecomppc elxr
(12816)(    5)ME: c:\mingw\bin\..\lib\gcc\mingw32\6.3.0\..\..\..\..\mingw32\bin\as.exe
(12816)(    5) + HOME: C:\Users\mac1\AppData\Local\Suresofttech\STATIC Toolbox\apps\STATIC Client for C, C++ v1.1.6\
(12816)(    5) + WORKING: C:\Users\mac1\Downloads\gitTest2\make\.staticdata
(12816) + IGNORE: msbuild xxxxx // INTEREST: cl gcc cc g++ ar link ld xxx xc8 cpp cpstm8 castm8 clnk tricore-gcc tricore-g++ ctoa etoa ecomppc elxr
(12816)(    5) + Ignored EXENAME: as
(12816)(    5)ME: c:\mingw\bin\..\lib\gcc\mingw32\6.3.0\..\..\..\..\mingw32\bin\as.exe
(12816)(    5) + HOME: C:\Users\mac1\AppData\Local\Suresofttech\STATIC Toolbox\apps\STATIC Client for C, C++ v1.1.6\
(12816)(    5) + WORKING: C:\Users\mac1\Downloads\gitTest2\make\.staticdata
(12816) + IGNORE: msbuild xxxxx // INTEREST: cl gcc cc g++ ar link ld xxx xc8 cpp cpstm8 castm8 clnk tricore-gcc tricore-g++ ctoa etoa ecomppc elxr
(11552)(    3)ME: C:\MinGW\bin\gcc.exe
(11552)(    3) + HOME: C:\Users\mac1\AppData\Local\Suresofttech\STATIC Toolbox\apps\STATIC Client for C, C++ v1.1.6\
(11552)(    3) + WORKING: C:\Users\mac1\Downloads\gitTest2\make\.staticdata
(11552) + IGNORE: msbuild xxxxx // INTEREST: cl gcc cc g++ ar link ld xxx xc8 cpp cpstm8 castm8 clnk tricore-gcc tricore-g++ ctoa etoa ecomppc elxr
(11552)(    3)ME: C:\MinGW\bin\gcc.exe
(11552)(    3) + HOME: C:\Users\mac1\AppData\Local\Suresofttech\STATIC Toolbox\apps\STATIC Client for C, C++ v1.1.6\
(11552)(    3) + WORKING: C:\Users\mac1\Downloads\gitTest2\make\.staticdata
(11552) + IGNORE: msbuild xxxxx // INTEREST: cl gcc cc g++ ar link ld xxx xc8 cpp cpstm8 castm8 clnk tricore-gcc tricore-g++ ctoa etoa ecomppc elxr
(10836)(    7)ME: c:\mingw\bin\..\libexec\gcc\mingw32\6.3.0\collect2.exe
(10836)(    7) + HOME: C:\Users\mac1\AppData\Local\Suresofttech\STATIC Toolbox\apps\STATIC Client for C, C++ v1.1.6\
(10836)(    7) + WORKING: C:\Users\mac1\Downloads\gitTest2\make\.staticdata
(10836) + IGNORE: msbuild xxxxx // INTEREST: cl gcc cc g++ ar link ld xxx xc8 cpp cpstm8 castm8 clnk tricore-gcc tricore-g++ ctoa etoa ecomppc elxr
(10836)(    7) + Ignored EXENAME: collect2
(10396)(    8)ME: c:\mingw\bin\..\lib\gcc\mingw32\6.3.0\..\..\..\..\mingw32\bin\ld.exe
(10396)(    8) + HOME: C:\Users\mac1\AppData\Local\Suresofttech\STATIC Toolbox\apps\STATIC Client for C, C++ v1.1.6\
(10396)(    8) + WORKING: C:\Users\mac1\Downloads\gitTest2\make\.staticdata
(10396) + IGNORE: msbuild xxxxx // INTEREST: cl gcc cc g++ ar link ld xxx xc8 cpp cpstm8 castm8 clnk tricore-gcc tricore-g++ ctoa etoa ecomppc elxr
(10396)(    8)ME: c:\mingw\bin\..\lib\gcc\mingw32\6.3.0\..\..\..\..\mingw32\bin\ld.exe
(10396)(    8) + HOME: C:\Users\mac1\AppData\Local\Suresofttech\STATIC Toolbox\apps\STATIC Client for C, C++ v1.1.6\
(10396)(    8) + WORKING: C:\Users\mac1\Downloads\gitTest2\make\.staticdata
(10396) + IGNORE: msbuild xxxxx // INTEREST: cl gcc cc g++ ar link ld xxx xc8 cpp cpstm8 castm8 clnk tricore-gcc tricore-g++ ctoa etoa ecomppc elxr
(10836)(    7)ME: c:\mingw\bin\..\libexec\gcc\mingw32\6.3.0\collect2.exe
(10836)(    7) + HOME: C:\Users\mac1\AppData\Local\Suresofttech\STATIC Toolbox\apps\STATIC Client for C, C++ v1.1.6\
(10836)(    7) + WORKING: C:\Users\mac1\Downloads\gitTest2\make\.staticdata
(10836) + IGNORE: msbuild xxxxx // INTEREST: cl gcc cc g++ ar link ld xxx xc8 cpp cpstm8 castm8 clnk tricore-gcc tricore-g++ ctoa etoa ecomppc elxr
( 3312)(    6)ME: C:\MinGW\bin\gcc.exe
( 3312)(    6) + HOME: C:\Users\mac1\AppData\Local\Suresofttech\STATIC Toolbox\apps\STATIC Client for C, C++ v1.1.6\
( 3312)(    6) + WORKING: C:\Users\mac1\Downloads\gitTest2\make\.staticdata
( 3312) + IGNORE: msbuild xxxxx // INTEREST: cl gcc cc g++ ar link ld xxx xc8 cpp cpstm8 castm8 clnk tricore-gcc tricore-g++ ctoa etoa ecomppc elxr
( 3312)(    6)ME: C:\MinGW\bin\gcc.exe
( 3312)(    6) + HOME: C:\Users\mac1\AppData\Local\Suresofttech\STATIC Toolbox\apps\STATIC Client for C, C++ v1.1.6\
( 3312)(    6) + WORKING: C:\Users\mac1\Downloads\gitTest2\make\.staticdata
( 3312) + IGNORE: msbuild xxxxx // INTEREST: cl gcc cc g++ ar link ld xxx xc8 cpp cpstm8 castm8 clnk tricore-gcc tricore-g++ ctoa etoa ecomppc elxr
(13664)(    2)ME: C:\Program Files (x86)\GnuWin32\bin\make.exe
(13664)(    2) + HOME: C:\Users\mac1\AppData\Local\Suresofttech\STATIC Toolbox\apps\STATIC Client for C, C++ v1.1.6\
(13664)(    2) + WORKING: C:\Users\mac1\Downloads\gitTest2\make\.staticdata
(13664) + IGNORE: msbuild xxxxx // INTEREST: cl gcc cc g++ ar link ld xxx xc8 cpp cpstm8 castm8 clnk tricore-gcc tricore-g++ ctoa etoa ecomppc elxr
